regulation of response to stress,109
response to flooding,0
response to fluid shear stress,0
cellular response to stress,321
response to wounding,43
response to starvation,43
response to anoxia,0
response to water deprivation,29
response to nitrosative stress,11
response to osmotic stress,80
muscle hypertrophy in response to stress,0
response to caloric restriction,0
stress response to metal ion,113
phage shock,0
response to high population density,0
response to oxidative stress,90
response to sterol depletion,0
response to ischemia,0
response to heat,116
response to hyperoxia,0
defense response,145
response to hydrostatic pressure,0
response to isolation stress,0
response to cold,108
multicellular organismal response to stress,0
response to topologically incorrect protein,312
response to hypoxia,0
response to psychosocial stress,0
response to immobilization stress,0
response to herbicide,0
stress response to acid chemical,0
