OG0000354	set('acts upstream of or within response to bacterium', 'acts upstream of or within leaf senescence', 'acts upstream of or within gibberellin biosynthetic process', 'involved in defense response to oomycetes', 'acts upstream of or within cellular response to hypoxia', 'involved in response to salicylic acid', 'involved in salicylic acid catabolic process', 'involved in response to bacterium', 'acts upstream of or within response to abscisic acid', 'involved in response to fungus', 'involved in defense response to bacterium', 'acts upstream of or within response to fungus', 'acts upstream of or within flavonoid biosynthetic process', 'acts upstream of or within gibberellin metabolic process', 'involved in leaf senescence', 'involved in response to oomycetes')
OG0007901	set()
OG0004972	set('acts upstream of or within root development', 'acts upstream of or within endodermal cell fate specification', 'involved in asymmetric cell division', 'involved in gravitropism', 'acts upstream of or within regulation of transcription, DNA-templated', 'involved in leaf development', 'acts upstream of or within leaf development', 'involved in endodermal cell fate specification', 'acts upstream of or within gravitropism', 'involved in radial pattern formation', 'involved in bundle sheath cell fate specification', 'acts upstream of or within radial pattern formation', 'acts upstream of or within bundle sheath cell fate specification', 'involved in maintenance of protein location in nucleus', 'acts upstream of or within maintenance of protein location in nucleus', 'involved in regulation of transcription, DNA-templated', 'acts upstream of or within asymmetric cell division')
OG0001200	set('involved in response to abscisic acid', 'involved in response to hydrogen peroxide', 'involved in protein phosphorylation', 'involved in protein autophosphorylation', 'acts upstream of or within pollen development', 'involved in response to cold', 'involved in response to salt stress', 'acts upstream of or within phosphorylation')
OG0000848	set('involved in regulation of protein dephosphorylation', 'acts upstream of or within response to salt stress', 'acts upstream of or within cellular protein localization')
OG0002350	set('acts upstream of or within systemic acquired resistance', 'acts upstream of or within alternative respiration', 'acts upstream of or within cellular response to hypoxia', 'involved in systemic acquired resistance')
OG0001718	set('involved in protein phosphorylation', 'acts upstream of or within phosphorylation')
OG0009131	set()
OG0001208	set('acts upstream of or within unidimensional cell growth', 'acts upstream of or within response to wounding', 'acts upstream of or within innate immune response', 'acts upstream of or within pH reduction', 'acts upstream of or within regulation of defense response', 'acts upstream of or within signal transduction', 'involved in protein phosphorylation', 'involved in protein autophosphorylation', 'involved in meristem maintenance', 'acts upstream of or within response to fungus', 'involved in defense response to fungus')
OG0009137	set('acts upstream of or within protein import into chloroplast stroma')
OG0014919	set()
OG0002580	set('acts upstream of or within seed dormancy process', 'acts upstream of or within seed morphogenesis', 'acts upstream of or within regulation of abscisic acid biosynthetic process', 'acts upstream of or within guard mother cell differentiation', 'involved in regulation of transcription, DNA-templated', 'acts upstream of or within response to freezing', 'acts upstream of or within regulation of transcription, DNA-templated', 'has protein modification of type protein ubiquitination', 'acts upstream of or within stomatal lineage progression', 'acts upstream of or within negative regulation of transcription, DNA-templated', 'acts upstream of or within endosperm development', 'acts upstream of or within abscisic acid-activated signaling pathway', 'acts upstream of or within positive regulation of transcription, DNA-templated', 'acts upstream of or within response to cold')
OG0002664	set('acts upstream of or within membrane raft localization', 'involved in response to mannitol', 'acts upstream of or within response to salicylic acid', 'acts upstream of or within defense response to virus', 'involved in response to salt stress')
OG0017110	set('defense response', 'protein phosphorylation', 'organ development', 'regulation of cellular process', 'single-organism cellular process', 'shoot system morphogenesis')
OG0014086	set('metabolic process', 'single-organism cellular process', 'multi-organism process')
OG0004486	set('involved in response to oxidative stress', 'involved in response to stress', 'involved in hydrogen peroxide catabolic process')
OG0027638	set('response to metal ion', 'metal ion transport', 'response to transition metal nanoparticle')
OG0007257	set('involved in protein phosphorylation')
OG0000521	set('acts upstream of or within regulation of iron ion transport', 'involved in regulation of transcription, DNA-templated', 'acts upstream of or within regulation of transcription, DNA-templated', 'acts upstream of or within anther wall tapetum development', 'acts upstream of or within response to iron ion', 'acts upstream of or within pollen development')
OG0001230	set()
OG0000852	set('acts upstream of or within positive regulation of transcription, DNA-templated', 'involved in regulation of transcription, DNA-templated', 'acts upstream of or within regulation of transcription, DNA-templated', 'acts upstream of or within response to photooxidative stress', 'involved in response to chitin', 'acts upstream of or within response to xenobiotic stimulus')
OG0007393	set('response to stimulus', 'cellular process', 'single-organism process')
OG0008267	set()
OG0008262	set('single-organism metabolic process', 'single-organism cellular process', 'primary metabolic process', 'cellular metabolic process', 'macromolecule metabolic process')
OG0001973	set('involved in SCF-dependent proteasomal ubiquitin-dependent protein catabolic process')
OG0012465	set()
OG0009487	set()
OG0000429	set('involved in cell surface receptor signaling pathway', 'involved in phosphorylation', 'acts upstream of or within protein autophosphorylation', 'acts upstream of or within cellular response to hypoxia', 'acts upstream of or within cellular response to abscisic acid stimulus', 'involved in protein phosphorylation', 'acts upstream of or within cellular response to water deprivation', 'acts upstream of or within photoperiodism, flowering', 'acts upstream of or within phosphorylation')
OG0008705	set('involved in developmental process', 'acts upstream of or within response to salt stress', 'acts upstream of or within response to osmotic stress', 'acts upstream of or within chloroplast organization', 'acts upstream of or within response to abscisic acid')
OG0000156	set('acts upstream of or within response to UV-B', 'acts upstream of or within phenylpropanoid metabolic process', 'involved in detoxification', 'acts upstream of or within brassinosteroid metabolic process', 'acts upstream of or within cellular response to hypoxia', 'acts upstream of or within positive regulation of innate immune response', 'acts upstream of or within flavonol biosynthetic process', 'acts upstream of or within response to other organism')
OG0002045	set('involved in endoplasmic reticulum-plasma membrane tethering', 'acts upstream of or within response to osmotic stress', 'involved in endoplasmic reticulum membrane organization')
OG0000258	set('acts upstream of or within regulation of seed germination', 'acts upstream of or within seed germination', 'acts upstream of or within negative regulation of abscisic acid-activated signaling pathway')
OG0000623	set('acts upstream of or within response to oomycetes', 'acts upstream of or within defense response to fungus', 'acts upstream of or within signal transduction')
OG0010000	set()
OG0001675	set('acts upstream of or within cellular response to hypoxia', 'involved in trichome branching', 'acts upstream of or within response to auxin')
OG0041748	set()
OG0013459	set('potassium ion import', 'cytokinesis by cell plate formation', 'protein phosphorylation', 'abscisic acid-activated signaling pathway', 'cellular response to water deprivation', 'response to ethylene', 'stomatal movement', 'response to nutrient', 'calcium-mediated signaling', 'cellular response to phosphate starvation', 'galactolipid biosynthetic process')
OG0008553	set()
OG0002648	set('acts upstream of or within unidimensional cell growth', 'acts upstream of or within cellulose biosynthetic process', 'acts upstream of or within hyperosmotic salinity response', 'acts upstream of or within response to cytokinin', 'acts upstream of or within shoot system development', 'acts upstream of or within cortical microtubule organization', 'acts upstream of or within response to nematode')
OG0009965	set('involved in regulation of transcription, DNA-templated', 'acts upstream of or within endoplasmic reticulum unfolded protein response')
OG0000147	set('acts upstream of or within defense response to other organism', 'acts upstream of or within positive regulation of abscisic acid biosynthetic process', 'acts upstream of or within salicylic acid mediated signaling pathway', 'acts upstream of or within response to osmotic stress', 'involved in response to salicylic acid', 'acts upstream of or within phloem loading', 'acts upstream of or within response to abscisic acid', 'acts upstream of or within defense response to virus', 'acts upstream of or within leaf senescence', 'involved in response to wounding', 'acts upstream of or within response to salt', 'involved in defense response to bacterium', 'acts upstream of or within defense response to bacterium', 'acts upstream of or within response to bacterium', 'acts upstream of or within response to other organism', 'acts upstream of or within cellular response to hypoxia')
OG0001742	set('acts upstream of or within phloem transport', 'acts upstream of or within carbohydrate homeostasis', 'acts upstream of or within circadian rhythm', 'acts upstream of or within seedling development', 'acts upstream of or within seed germination', 'acts upstream of or within cellular response to water deprivation', 'acts upstream of or within response to karrikin', 'acts upstream of or within response to salt stress', 'acts upstream of or within response to strigolactone')
OG0000148	set('involved in response to molecule of bacterial origin', 'acts upstream of or within regulation of innate immune response', 'acts upstream of or within protein autophosphorylation', 'involved in response to insect', 'involved in protein phosphorylation', 'involved in protein autophosphorylation', 'acts upstream of or within phosphorylation', 'involved in response to freezing', 'acts upstream of or within jasmonic acid and ethylene-dependent systemic resistance', 'acts upstream of or within response to cold', 'has protein modification of type protein phosphorylation', 'acts upstream of or within response to nutrient levels')
OG0008965	set('involved in transcription, DNA-templated', 'acts upstream of or within defense response to fungus', 'acts upstream of or within DNA methylation', 'acts upstream of or within production of siRNA involved in RNA interference', 'acts upstream of or within post-transcriptional gene silencing by RNA')
OG0005911	set('involved in positive regulation of defense response to oomycetes', 'involved in regulation of defense response', 'involved in positive regulation of defense response to bacterium', 'involved in response to bacterium', 'acts upstream of or within signal transduction')
OG0017442	set()
OG0010381	set('acts upstream of or within response to abscisic acid', 'acts upstream of or within mitochondrial mRNA modification', 'involved in RNA modification', 'acts upstream of or within response to water deprivation')
OG0009080	set('acts upstream of or within hyperosmotic salinity response')
OG0007074	set()
OG0001699	set('involved in cellular response to chitin', 'acts upstream of or within innate immune response', 'involved in cellular response to molecule of bacterial origin', 'involved in protein phosphorylation')
OG0000079	set('acts upstream of or within embryo development ending in seed dormancy', 'acts upstream of or within programmed cell death', 'acts upstream of or within protein autophosphorylation', 'acts upstream of or within response to salicylic acid', 'acts upstream of or within response to reactive oxygen species', 'acts upstream of or within response to abscisic acid', 'acts upstream of or within systemic acquired resistance', 'involved in protein phosphorylation', 'involved in defense response to bacterium', 'acts upstream of or within defense response to bacterium', 'acts upstream of or within defense response', 'acts upstream of or within phosphorylation')
OG0008119	set('jasmonic acid biosynthetic process', 'response to acid chemical', 'signal transduction', 'response to stress', 'response to hormone', 'oxylipin biosynthetic process', 'response to oxygen-containing compound')
OG0006695	set()
OG0006247	set('acts upstream of or within defense response to fungus', 'involved in response to stress', 'involved in response to oxidative stress')
OG0001409	set('involved in response to cold', 'involved in regulation of flower development', 'acts upstream of or within cellular protein localization', 'acts upstream of or within vernalization response')
OG0009079	set('acts upstream of or within negative regulation of floral organ abscission', 'acts upstream of or within positive regulation of defense response', 'acts upstream of or within positive regulation of cell death')
OG0000372	set('cellular process', 'cell cycle process', 'macromolecular complex subunit organization', 'response to acid chemical', 'single-organism organelle organization', 'protein phosphorylation', 'response to stress', 'phosphorylation', 'signal transduction', 'regulation of cellular process', 'response to hormone', 'cellular response to organic substance', 'cellular protein metabolic process', 'single-organism cellular process', 'response to oxygen-containing compound')
OG0007745	set()
OG0011429	set('response to stimulus', 'anatomical structure development', 'single-organism cellular process', 'multicellular organismal development', 'protein phosphorylation')
OG0004789	set('acts upstream of or within leaf vascular tissue pattern formation', 'involved in SCF-dependent proteasomal ubiquitin-dependent protein catabolic process', 'acts upstream of or within regulation of auxin mediated signaling pathway', 'acts upstream of or within simple leaf morphogenesis')
OG0008044	set()
OG0000042	set('involved in response to low fluence red light stimulus', 'acts upstream of or within response to auxin', 'involved in response to brassinosteroid', 'involved in shade avoidance', 'acts upstream of or within response to chitin', 'involved in regulation of unidimensional cell growth', 'involved in response to auxin', 'involved in response to absence of light', 'involved in developmental growth involved in morphogenesis', 'involved in regulation of auxin polar transport', 'acts upstream of or within response to far red light', 'acts upstream of or within response to cold', 'involved in positive regulation of cell growth', 'acts upstream of or within response to red light')
OG0008690	set('acts upstream of or within embryo development ending in seed dormancy', 'acts upstream of or within root development', 'acts upstream of or within lateral root formation', 'acts upstream of or within root cap development', 'acts upstream of or within regulation of asymmetric cell division')
OG0009987	set('involved in stomatal complex formation', 'involved in trichome morphogenesis', 'acts upstream of or within stomatal complex morphogenesis', 'involved in stomatal complex patterning', 'acts upstream of or within signal transduction', 'involved in cellular response to abscisic acid stimulus', 'involved in asymmetric cell division', 'involved in regulation of antifungal innate immune response', 'acts upstream of or within response to abscisic acid', 'involved in defense response to fungus', 'acts upstream of or within asymmetric cell division')
OG0001843	set()
OG0000160	set('involved in cell surface receptor signaling pathway', 'acts upstream of or within unidimensional cell growth', 'acts upstream of or within response to wounding', 'acts upstream of or within oligosaccharide metabolic process', 'acts upstream of or within cellular water homeostasis', 'acts upstream of or within protein autophosphorylation', 'acts upstream of or within lateral root development', 'acts upstream of or within response to virus', 'acts upstream of or within response to salicylic acid', 'involved in protein phosphorylation', 'acts upstream of or within response to zinc ion', 'acts upstream of or within response to nickel cation', 'acts upstream of or within response to fungus', 'acts upstream of or within response to cadmium ion', 'acts upstream of or within cell surface receptor signaling pathway', 'acts upstream of or within defense response to fungus', 'acts upstream of or within phosphorylation')
OG0000163	set('acts upstream of or within pectin catabolic process', 'involved in response to osmotic stress', 'acts upstream of or within protein autophosphorylation', 'involved in regulation of root development', 'acts upstream of or within cell differentiation', 'acts upstream of or within anther development', 'acts upstream of or within nitrate import', 'involved in regulation of secondary cell wall biogenesis', 'involved in phloem development', 'acts upstream of or within peptidyl-serine autophosphorylation', 'involved in xylem development', 'acts upstream of or within protein phosphorylation', 'involved in hormone-mediated signaling pathway', 'acts upstream of or within pollen tube guidance', 'acts upstream of or within leaf abscission', 'acts upstream of or within response to oxidative stress', 'acts upstream of or within secondary shoot formation', 'acts upstream of or within lateral root morphogenesis', 'acts upstream of or within regulation of meristem growth', 'acts upstream of or within response to nitrate starvation', 'involved in lateral root formation', 'acts upstream of or within floral organ development', 'involved in regulation of cell differentiation', 'involved in response to mannitol', 'involved in regulation of shoot system development', 'acts upstream of or within phloem or xylem histogenesis', 'involved in regulation of lateral root development', 'involved in positive regulation of lateral root development', 'acts upstream of or within floral organ abscission', 'acts upstream of or within regulation of gene expression', 'acts upstream of or within regulation of seed growth', 'acts upstream of or within microsporocyte differentiation', 'involved in procambium histogenesis', 'acts upstream of or within cell division', 'acts upstream of or within xylem and phloem pattern formation', 'acts upstream of or within regulation of meristem structural organization', 'acts upstream of or within phosphorylation', 'involved in maintenance of root meristem identity', 'involved in regulation of anthocyanin biosynthetic process', 'acts upstream of or within defense response to Gram-negative bacterium', 'involved in regulation of lignin biosynthetic process', 'involved in nitrate import', 'acts upstream of or within gametophyte development', 'involved in protein phosphorylation', 'acts upstream of or within seed germination', 'acts upstream of or within signal complex assembly', 'involved in innate immune response', 'has protein modification of type protein phosphorylation')
OG0005405	set('acts upstream of or within phloem or xylem histogenesis', 'involved in regulation of cell growth', 'acts upstream of or within stomatal complex morphogenesis', 'acts upstream of or within regulation of cell growth', 'acts upstream of or within regulation of cell division', 'involved in inflorescence morphogenesis', 'acts upstream of or within regulation of plant organ morphogenesis', 'involved in polarity specification of adaxial/abaxial axis', 'involved in protein phosphorylation', 'involved in regulation of cell division', 'acts upstream of or within embryo sac development', 'involved in defense response to bacterium', 'involved in plant-type cell wall organization', 'involved in transpiration', 'acts upstream of or within cellular heat acclimation', 'acts upstream of or within defense response to fungus', 'acts upstream of or within regulation of cell adhesion', 'acts upstream of or within plant ovule development', 'acts upstream of or within leaf morphogenesis')
OG0001680	set('acts upstream of or within negative regulation of defense response', 'involved in regulation of defense response to fungus', 'acts upstream of or within phosphorylation', 'involved in negative regulation of defense response to bacterium', 'involved in protein phosphorylation', 'involved in defense response to bacterium', 'involved in negative regulation of cell death', 'has protein modification of type protein phosphorylation')
OG0000657	set('acts upstream of or within jasmonic acid mediated signaling pathway', 'acts upstream of or within response to wounding', 'acts upstream of or within jasmonic acid and ethylene-dependent systemic resistance', 'acts upstream of or within regulation of cellular response to alkaline pH', 'acts upstream of or within response to jasmonic acid', 'acts upstream of or within flower development', 'involved in regulation of jasmonic acid mediated signaling pathway', 'involved in regulation of cellular response to alkaline pH', 'involved in regulation of defense response', 'involved in response to wounding', 'acts upstream of or within regulation of defense response', 'acts upstream of or within pollen development', 'acts upstream of or within defense response to bacterium', 'acts upstream of or within response to cold')
OG0000345	set('involved in protein phosphorylation', 'involved in plant-type secondary cell wall biogenesis', 'acts upstream of or within phosphorylation', 'has protein modification of type protein phosphorylation', 'acts upstream of or within positive regulation of secondary growth')
OG0006063	set('acts upstream of or within gibberellin metabolic process', 'involved in gibberellin biosynthetic process', 'acts upstream of or within response to salt stress')
OG0011346	set()
OG0007512	set('acts upstream of or within pollen development')
OG0001073	set('involved in response to mannitol', 'involved in response to molecule of bacterial origin', 'involved in innate immune response-activating signal transduction', 'involved in defense response to oomycetes', 'involved in root hair elongation', 'acts upstream of or within response to chitin', 'involved in leaf senescence', 'involved in regulation of defense response to oomycetes', 'acts upstream of or within signal transduction', 'acts upstream of or within PAMP-triggered immunity signalling pathway', 'involved in response to molecule of fungal origin', 'involved in detection of molecule of fungal origin', 'involved in cellular response to abscisic acid stimulus', 'involved in defense response to bacterium', 'involved in response to salt stress', 'involved in defense response to fungus', 'acts upstream of or within defense response to fungus', 'involved in response to molecule of oomycetes origin', 'involved in regulation of defense response to fungus')
OG0001508	set('acts upstream of or within positive regulation of organ growth', 'involved in seed development', 'acts upstream of or within fruit development', 'acts upstream of or within regulation of meristem growth', 'acts upstream of or within floral organ development', 'acts upstream of or within positive regulation of cell population proliferation', 'acts upstream of or within regulation of growth rate', 'acts upstream of or within organ growth', 'acts upstream of or within leaf formation', 'acts upstream of or within seed development', 'involved in fruit development')
OG0026114	set('cellulose biosynthetic process', 'response to cold', 'mannosylation')
OG0004197	set('acts upstream of or within phenylpropanoid metabolic process', 'involved in lignin metabolic process', 'acts upstream of or within response to wounding', 'acts upstream of or within phenylpropanoid biosynthetic process', 'acts upstream of or within developmental process', 'acts upstream of or within response to light stimulus', 'acts upstream of or within ubiquinone biosynthetic process', 'acts upstream of or within pollen development', 'acts upstream of or within lignin metabolic process')
OG0007926	set()
OG0008588	set('acts upstream of or within regulation of cell size', 'acts upstream of or within regulation of cell growth')
OG0000666	set('involved in negative regulation of histone H3-K27 methylation', 'involved in stomatal complex development', 'involved in positive regulation of transcription, DNA-templated', 'acts upstream of or within positive regulation of cell differentiation', 'acts upstream of or within positive regulation of transcription, DNA-templated', 'involved in guard cell fate commitment', 'involved in guard mother cell differentiation', 'acts upstream of or within regulation of transcription, DNA-templated', 'acts upstream of or within negative regulation of cell division', 'involved in regulation of response to osmotic stress', 'involved in response to osmotic stress', 'involved in response to low humidity', 'acts upstream of or within cold acclimation', 'involved in guard cell differentiation', 'acts upstream of or within stomatal complex development', 'involved in regulation of stomatal complex development', 'acts upstream of or within guard cell differentiation', 'acts upstream of or within epidermal cell differentiation', 'involved in regulation of transcription by RNA polymerase II')
OG0053735	set('innate immune response', 'cellular response to chitin', 'protein phosphorylation')
OG0007209	set('involved in response to desiccation', 'acts upstream of or within response to wounding', 'acts upstream of or within defense response to fungus', 'acts upstream of or within response to high light intensity')
OG0009285	set()
OG0000512	set()
OG0005108	set('acts upstream of or within protein autophosphorylation', 'involved in microgametogenesis', 'acts upstream of or within microgametogenesis', 'acts upstream of or within pollen development', 'involved in pollen development')
OG0010535	set('cellular process', 'single-organism process')
OG0008219	set()
OG0004683	set()
OG0004584	set('acts upstream of or within cellular response to hypoxia', 'acts upstream of or within response to sodium phosphate')
OG0002126	set('acts upstream of or within response to fungus', 'involved in cellular response to potassium ion starvation', 'involved in ethylene biosynthetic process', 'acts upstream of or within detection of ethylene stimulus', 'acts upstream of or within ethylene biosynthetic process', 'involved in cellular response to fatty acid', 'involved in positive regulation of seed germination', 'involved in cellular response to nitric oxide')
OG0007271	set('acts upstream of or within cellular response to hypoxia', 'acts upstream of or within anaerobic respiration')
OG0001196	set('involved in regulation of jasmonic acid mediated signaling pathway', 'acts upstream of or within cellular response to toxic substance', 'acts upstream of or within regulation of jasmonic acid mediated signaling pathway', 'involved in regulation of defense response to fungus', 'involved in negative regulation of defense response to insect')
OG0009737	set()
OG0008225	set()
OG0003386	set('involved in SCF-dependent proteasomal ubiquitin-dependent protein catabolic process')
